============================= test session starts =============================
platform win32 -- Python 3.12.6, pytest-8.3.4, pluggy-1.5.0
rootdir: C:\Users\Paulo\Desktop\qa-governance-platform
configfile: pytest.ini
plugins: allure-pytest-2.13.5, anyio-4.9.0, Faker-33.1.0, bdd-8.1.0, cov-6.1.0, xdist-3.6.1
collected 13 items

tests\api\test_create_user.py F.                                         [ 15%]
tests\api\test_delete_user.py ..                                         [ 30%]
tests\api\test_get_user.py ..                                            [ 46%]
tests\api\test_update_user.py ..                                         [ 61%]
tests\ui\test_alert_messages.py E                                        [ 69%]
tests\ui\test_login.py E                                                 [ 76%]
tests\ui\test_signup_ui.py E                                             [ 84%]
tests\ui\test_ui_visuals.py E                                            [ 92%]
tests\ui\test_user_profile_ui.py E                                       [100%]

=================================== ERRORS ====================================
____________________ ERROR at setup of test_alert_display _____________________

    @pytest.fixture(scope="function")
    def browser():
        from selenium import webdriver
        from selenium.webdriver.chrome.options import Options
    
        options = Options()
        options.add_argument("--headless")
        options.add_argument("--disable-gpu")
        options.add_argument("--no-sandbox")
        options.add_argument("--window-size=1280,1024")
        options.add_argument("--disable-dev-shm-usage")
    
>       driver = webdriver.Chrome(options=options)

tests\conftest.py:76: 
_ _ _ _ _ _ _ _ _ _ _ _ _ _ _ _ _ _ _ _ _ _ _ _ _ _ _ _ _ _ _ _ _ _ _ _ _ _ _ _
..\..\AppData\Roaming\Python\Python312\site-packages\selenium\webdriver\chrome\webdriver.py:81: in __init__
    super().__init__(
..\..\AppData\Roaming\Python\Python312\site-packages\selenium\webdriver\chromium\webdriver.py:106: in __init__
    super().__init__(
..\..\AppData\Roaming\Python\Python312\site-packages\selenium\webdriver\remote\webdriver.py:288: in __init__
    self.start_session(capabilities, browser_profile)
..\..\AppData\Roaming\Python\Python312\site-packages\selenium\webdriver\remote\webdriver.py:381: in start_session
    response = self.execute(Command.NEW_SESSION, parameters)
..\..\AppData\Roaming\Python\Python312\site-packages\selenium\webdriver\remote\webdriver.py:444: in execute
    self.error_handler.check_response(response)
_ _ _ _ _ _ _ _ _ _ _ _ _ _ _ _ _ _ _ _ _ _ _ _ _ _ _ _ _ _ _ _ _ _ _ _ _ _ _ _

self = <selenium.webdriver.remote.errorhandler.ErrorHandler object at 0x00000161A8606330>
response = {'status': 500, 'value': '{"value":{"error":"session not created","message":"session not created: This version of Chro...07FF6635DED49]\\n\\tBaseThreadInitThunk [0x00007FFD31557374+20]\\n\\tRtlUserThreadStart [0x00007FFD31E3CC91+33]\\n"}}'}

    def check_response(self, response: Dict[str, Any]) -> None:
        """
        Checks that a JSON response from the WebDriver does not have an error.
    
        :Args:
         - response - The JSON response from the WebDriver server as a dictionary
           object.
    
        :Raises: If the response contains an error message.
        """
        status = response.get("status", None)
        if not status or status == ErrorCode.SUCCESS:
            return
        value = None
        message = response.get("message", "")
        screen: str = response.get("screen", "")
        stacktrace = None
        if isinstance(status, int):
            value_json = response.get("value", None)
            if value_json and isinstance(value_json, str):
                import json
    
                try:
                    value = json.loads(value_json)
                    if len(value.keys()) == 1:
                        value = value["value"]
                    status = value.get("error", None)
                    if not status:
                        status = value.get("status", ErrorCode.UNKNOWN_ERROR)
                        message = value.get("value") or value.get("message")
                        if not isinstance(message, str):
                            value = message
                            message = message.get("message")
                    else:
                        message = value.get("message", None)
                except ValueError:
                    pass
    
        exception_class: Type[WebDriverException]
        if status in ErrorCode.NO_SUCH_ELEMENT:
            exception_class = NoSuchElementException
        elif status in ErrorCode.NO_SUCH_FRAME:
            exception_class = NoSuchFrameException
        elif status in ErrorCode.NO_SUCH_SHADOW_ROOT:
            exception_class = NoSuchShadowRootException
        elif status in ErrorCode.NO_SUCH_WINDOW:
            exception_class = NoSuchWindowException
        elif status in ErrorCode.STALE_ELEMENT_REFERENCE:
            exception_class = StaleElementReferenceException
        elif status in ErrorCode.ELEMENT_NOT_VISIBLE:
            exception_class = ElementNotVisibleException
        elif status in ErrorCode.INVALID_ELEMENT_STATE:
            exception_class = InvalidElementStateException
        elif (
            status in ErrorCode.INVALID_SELECTOR
            or status in ErrorCode.INVALID_XPATH_SELECTOR
            or status in ErrorCode.INVALID_XPATH_SELECTOR_RETURN_TYPER
        ):
            exception_class = InvalidSelectorException
        elif status in ErrorCode.ELEMENT_IS_NOT_SELECTABLE:
            exception_class = ElementNotSelectableException
        elif status in ErrorCode.ELEMENT_NOT_INTERACTABLE:
            exception_class = ElementNotInteractableException
        elif status in ErrorCode.INVALID_COOKIE_DOMAIN:
            exception_class = InvalidCookieDomainException
        elif status in ErrorCode.UNABLE_TO_SET_COOKIE:
            exception_class = UnableToSetCookieException
        elif status in ErrorCode.TIMEOUT:
            exception_class = TimeoutException
        elif status in ErrorCode.SCRIPT_TIMEOUT:
            exception_class = TimeoutException
        elif status in ErrorCode.UNKNOWN_ERROR:
            exception_class = WebDriverException
        elif status in ErrorCode.UNEXPECTED_ALERT_OPEN:
            exception_class = UnexpectedAlertPresentException
        elif status in ErrorCode.NO_ALERT_OPEN:
            exception_class = NoAlertPresentException
        elif status in ErrorCode.IME_NOT_AVAILABLE:
            exception_class = ImeNotAvailableException
        elif status in ErrorCode.IME_ENGINE_ACTIVATION_FAILED:
            exception_class = ImeActivationFailedException
        elif status in ErrorCode.MOVE_TARGET_OUT_OF_BOUNDS:
            exception_class = MoveTargetOutOfBoundsException
        elif status in ErrorCode.JAVASCRIPT_ERROR:
            exception_class = JavascriptException
        elif status in ErrorCode.SESSION_NOT_CREATED:
            exception_class = SessionNotCreatedException
        elif status in ErrorCode.INVALID_ARGUMENT:
            exception_class = InvalidArgumentException
        elif status in ErrorCode.NO_SUCH_COOKIE:
            exception_class = NoSuchCookieException
        elif status in ErrorCode.UNABLE_TO_CAPTURE_SCREEN:
            exception_class = ScreenshotException
        elif status in ErrorCode.ELEMENT_CLICK_INTERCEPTED:
            exception_class = ElementClickInterceptedException
        elif status in ErrorCode.INSECURE_CERTIFICATE:
            exception_class = InsecureCertificateException
        elif status in ErrorCode.INVALID_COORDINATES:
            exception_class = InvalidCoordinatesException
        elif status in ErrorCode.INVALID_SESSION_ID:
            exception_class = InvalidSessionIdException
        elif status in ErrorCode.UNKNOWN_METHOD:
            exception_class = UnknownMethodException
        else:
            exception_class = WebDriverException
        if not value:
            value = response["value"]
        if isinstance(value, str):
            raise exception_class(value)
        if message == "" and "message" in value:
            message = value["message"]
    
        screen = None  # type: ignore[assignment]
        if "screen" in value:
            screen = value["screen"]
    
        stacktrace = None
        st_value = value.get("stackTrace") or value.get("stacktrace")
        if st_value:
            if isinstance(st_value, str):
                stacktrace = st_value.split("\n")
            else:
                stacktrace = []
                try:
                    for frame in st_value:
                        line = frame.get("lineNumber", "")
                        file = frame.get("fileName", "<anonymous>")
                        if line:
                            file = f"{file}:{line}"
                        meth = frame.get("methodName", "<anonymous>")
                        if "className" in frame:
                            meth = "{}.{}".format(frame["className"], meth)
                        msg = "    at %s (%s)"
                        msg = msg % (meth, file)
                        stacktrace.append(msg)
                except TypeError:
                    pass
        if exception_class == UnexpectedAlertPresentException:
            alert_text = None
            if "data" in value:
                alert_text = value["data"].get("text")
            elif "alert" in value:
                alert_text = value["alert"].get("text")
            raise exception_class(message, screen, stacktrace, alert_text)  # type: ignore[call-arg]  # mypy is not smart enough here
>       raise exception_class(message, screen, stacktrace)
E       selenium.common.exceptions.SessionNotCreatedException: Message: session not created: This version of ChromeDriver only supports Chrome version 131
E       Current browser version is 135.0.7049.41 with binary path C:\Program Files\Google\Chrome\Application\chrome.exe
E       Stacktrace:
E       	GetHandleVerifier [0x00007FF66367FB05+28789]
E       	(No symbol) [0x00007FF6635E86E0]
E       	(No symbol) [0x00007FF66348592A]
E       	(No symbol) [0x00007FF6634C7682]
E       	(No symbol) [0x00007FF6634C66EB]
E       	(No symbol) [0x00007FF6634C0A07]
E       	(No symbol) [0x00007FF6634BBC59]
E       	(No symbol) [0x00007FF66350A77C]
E       	(No symbol) [0x00007FF663509D60]
E       	(No symbol) [0x00007FF6634FF1E3]
E       	(No symbol) [0x00007FF6634CA938]
E       	(No symbol) [0x00007FF6634CBAA1]
E       	GetHandleVerifier [0x00007FF6639B933D+3410093]
E       	GetHandleVerifier [0x00007FF6639CE7DD+3497293]
E       	GetHandleVerifier [0x00007FF6639C2A73+3448803]
E       	GetHandleVerifier [0x00007FF663747BBB+848171]
E       	(No symbol) [0x00007FF6635F3C3F]
E       	(No symbol) [0x00007FF6635EF6E4]
E       	(No symbol) [0x00007FF6635EF87D]
E       	(No symbol) [0x00007FF6635DED49]
E       	BaseThreadInitThunk [0x00007FFD31557374+20]
E       	RtlUserThreadStart [0x00007FFD31E3CC91+33]

..\..\AppData\Roaming\Python\Python312\site-packages\selenium\webdriver\remote\errorhandler.py:249: SessionNotCreatedException
____________________ ERROR at setup of test_login_success _____________________

    @pytest.fixture(scope="function")
    def browser():
        from selenium import webdriver
        from selenium.webdriver.chrome.options import Options
    
        options = Options()
        options.add_argument("--headless")
        options.add_argument("--disable-gpu")
        options.add_argument("--no-sandbox")
        options.add_argument("--window-size=1280,1024")
        options.add_argument("--disable-dev-shm-usage")
    
>       driver = webdriver.Chrome(options=options)

tests\conftest.py:76: 
_ _ _ _ _ _ _ _ _ _ _ _ _ _ _ _ _ _ _ _ _ _ _ _ _ _ _ _ _ _ _ _ _ _ _ _ _ _ _ _
..\..\AppData\Roaming\Python\Python312\site-packages\selenium\webdriver\chrome\webdriver.py:81: in __init__
    super().__init__(
..\..\AppData\Roaming\Python\Python312\site-packages\selenium\webdriver\chromium\webdriver.py:106: in __init__
    super().__init__(
..\..\AppData\Roaming\Python\Python312\site-packages\selenium\webdriver\remote\webdriver.py:288: in __init__
    self.start_session(capabilities, browser_profile)
..\..\AppData\Roaming\Python\Python312\site-packages\selenium\webdriver\remote\webdriver.py:381: in start_session
    response = self.execute(Command.NEW_SESSION, parameters)
..\..\AppData\Roaming\Python\Python312\site-packages\selenium\webdriver\remote\webdriver.py:444: in execute
    self.error_handler.check_response(response)
_ _ _ _ _ _ _ _ _ _ _ _ _ _ _ _ _ _ _ _ _ _ _ _ _ _ _ _ _ _ _ _ _ _ _ _ _ _ _ _

self = <selenium.webdriver.remote.errorhandler.ErrorHandler object at 0x00000161A8617320>
response = {'status': 500, 'value': '{"value":{"error":"session not created","message":"session not created: This version of Chro...07FF6635DED49]\\n\\tBaseThreadInitThunk [0x00007FFD31557374+20]\\n\\tRtlUserThreadStart [0x00007FFD31E3CC91+33]\\n"}}'}

    def check_response(self, response: Dict[str, Any]) -> None:
        """
        Checks that a JSON response from the WebDriver does not have an error.
    
        :Args:
         - response - The JSON response from the WebDriver server as a dictionary
           object.
    
        :Raises: If the response contains an error message.
        """
        status = response.get("status", None)
        if not status or status == ErrorCode.SUCCESS:
            return
        value = None
        message = response.get("message", "")
        screen: str = response.get("screen", "")
        stacktrace = None
        if isinstance(status, int):
            value_json = response.get("value", None)
            if value_json and isinstance(value_json, str):
                import json
    
                try:
                    value = json.loads(value_json)
                    if len(value.keys()) == 1:
                        value = value["value"]
                    status = value.get("error", None)
                    if not status:
                        status = value.get("status", ErrorCode.UNKNOWN_ERROR)
                        message = value.get("value") or value.get("message")
                        if not isinstance(message, str):
                            value = message
                            message = message.get("message")
                    else:
                        message = value.get("message", None)
                except ValueError:
                    pass
    
        exception_class: Type[WebDriverException]
        if status in ErrorCode.NO_SUCH_ELEMENT:
            exception_class = NoSuchElementException
        elif status in ErrorCode.NO_SUCH_FRAME:
            exception_class = NoSuchFrameException
        elif status in ErrorCode.NO_SUCH_SHADOW_ROOT:
            exception_class = NoSuchShadowRootException
        elif status in ErrorCode.NO_SUCH_WINDOW:
            exception_class = NoSuchWindowException
        elif status in ErrorCode.STALE_ELEMENT_REFERENCE:
            exception_class = StaleElementReferenceException
        elif status in ErrorCode.ELEMENT_NOT_VISIBLE:
            exception_class = ElementNotVisibleException
        elif status in ErrorCode.INVALID_ELEMENT_STATE:
            exception_class = InvalidElementStateException
        elif (
            status in ErrorCode.INVALID_SELECTOR
            or status in ErrorCode.INVALID_XPATH_SELECTOR
            or status in ErrorCode.INVALID_XPATH_SELECTOR_RETURN_TYPER
        ):
            exception_class = InvalidSelectorException
        elif status in ErrorCode.ELEMENT_IS_NOT_SELECTABLE:
            exception_class = ElementNotSelectableException
        elif status in ErrorCode.ELEMENT_NOT_INTERACTABLE:
            exception_class = ElementNotInteractableException
        elif status in ErrorCode.INVALID_COOKIE_DOMAIN:
            exception_class = InvalidCookieDomainException
        elif status in ErrorCode.UNABLE_TO_SET_COOKIE:
            exception_class = UnableToSetCookieException
        elif status in ErrorCode.TIMEOUT:
            exception_class = TimeoutException
        elif status in ErrorCode.SCRIPT_TIMEOUT:
            exception_class = TimeoutException
        elif status in ErrorCode.UNKNOWN_ERROR:
            exception_class = WebDriverException
        elif status in ErrorCode.UNEXPECTED_ALERT_OPEN:
            exception_class = UnexpectedAlertPresentException
        elif status in ErrorCode.NO_ALERT_OPEN:
            exception_class = NoAlertPresentException
        elif status in ErrorCode.IME_NOT_AVAILABLE:
            exception_class = ImeNotAvailableException
        elif status in ErrorCode.IME_ENGINE_ACTIVATION_FAILED:
            exception_class = ImeActivationFailedException
        elif status in ErrorCode.MOVE_TARGET_OUT_OF_BOUNDS:
            exception_class = MoveTargetOutOfBoundsException
        elif status in ErrorCode.JAVASCRIPT_ERROR:
            exception_class = JavascriptException
        elif status in ErrorCode.SESSION_NOT_CREATED:
            exception_class = SessionNotCreatedException
        elif status in ErrorCode.INVALID_ARGUMENT:
            exception_class = InvalidArgumentException
        elif status in ErrorCode.NO_SUCH_COOKIE:
            exception_class = NoSuchCookieException
        elif status in ErrorCode.UNABLE_TO_CAPTURE_SCREEN:
            exception_class = ScreenshotException
        elif status in ErrorCode.ELEMENT_CLICK_INTERCEPTED:
            exception_class = ElementClickInterceptedException
        elif status in ErrorCode.INSECURE_CERTIFICATE:
            exception_class = InsecureCertificateException
        elif status in ErrorCode.INVALID_COORDINATES:
            exception_class = InvalidCoordinatesException
        elif status in ErrorCode.INVALID_SESSION_ID:
            exception_class = InvalidSessionIdException
        elif status in ErrorCode.UNKNOWN_METHOD:
            exception_class = UnknownMethodException
        else:
            exception_class = WebDriverException
        if not value:
            value = response["value"]
        if isinstance(value, str):
            raise exception_class(value)
        if message == "" and "message" in value:
            message = value["message"]
    
        screen = None  # type: ignore[assignment]
        if "screen" in value:
            screen = value["screen"]
    
        stacktrace = None
        st_value = value.get("stackTrace") or value.get("stacktrace")
        if st_value:
            if isinstance(st_value, str):
                stacktrace = st_value.split("\n")
            else:
                stacktrace = []
                try:
                    for frame in st_value:
                        line = frame.get("lineNumber", "")
                        file = frame.get("fileName", "<anonymous>")
                        if line:
                            file = f"{file}:{line}"
                        meth = frame.get("methodName", "<anonymous>")
                        if "className" in frame:
                            meth = "{}.{}".format(frame["className"], meth)
                        msg = "    at %s (%s)"
                        msg = msg % (meth, file)
                        stacktrace.append(msg)
                except TypeError:
                    pass
        if exception_class == UnexpectedAlertPresentException:
            alert_text = None
            if "data" in value:
                alert_text = value["data"].get("text")
            elif "alert" in value:
                alert_text = value["alert"].get("text")
            raise exception_class(message, screen, stacktrace, alert_text)  # type: ignore[call-arg]  # mypy is not smart enough here
>       raise exception_class(message, screen, stacktrace)
E       selenium.common.exceptions.SessionNotCreatedException: Message: session not created: This version of ChromeDriver only supports Chrome version 131
E       Current browser version is 135.0.7049.41 with binary path C:\Program Files\Google\Chrome\Application\chrome.exe
E       Stacktrace:
E       	GetHandleVerifier [0x00007FF66367FB05+28789]
E       	(No symbol) [0x00007FF6635E86E0]
E       	(No symbol) [0x00007FF66348592A]
E       	(No symbol) [0x00007FF6634C7682]
E       	(No symbol) [0x00007FF6634C66EB]
E       	(No symbol) [0x00007FF6634C0A07]
E       	(No symbol) [0x00007FF6634BBC59]
E       	(No symbol) [0x00007FF66350A77C]
E       	(No symbol) [0x00007FF663509D60]
E       	(No symbol) [0x00007FF6634FF1E3]
E       	(No symbol) [0x00007FF6634CA938]
E       	(No symbol) [0x00007FF6634CBAA1]
E       	GetHandleVerifier [0x00007FF6639B933D+3410093]
E       	GetHandleVerifier [0x00007FF6639CE7DD+3497293]
E       	GetHandleVerifier [0x00007FF6639C2A73+3448803]
E       	GetHandleVerifier [0x00007FF663747BBB+848171]
E       	(No symbol) [0x00007FF6635F3C3F]
E       	(No symbol) [0x00007FF6635EF6E4]
E       	(No symbol) [0x00007FF6635EF87D]
E       	(No symbol) [0x00007FF6635DED49]
E       	BaseThreadInitThunk [0x00007FFD31557374+20]
E       	RtlUserThreadStart [0x00007FFD31E3CC91+33]

..\..\AppData\Roaming\Python\Python312\site-packages\selenium\webdriver\remote\errorhandler.py:249: SessionNotCreatedException
_____________________ ERROR at setup of test_signup_user ______________________

    @pytest.fixture(scope="function")
    def browser():
        from selenium import webdriver
        from selenium.webdriver.chrome.options import Options
    
        options = Options()
        options.add_argument("--headless")
        options.add_argument("--disable-gpu")
        options.add_argument("--no-sandbox")
        options.add_argument("--window-size=1280,1024")
        options.add_argument("--disable-dev-shm-usage")
    
>       driver = webdriver.Chrome(options=options)

tests\conftest.py:76: 
_ _ _ _ _ _ _ _ _ _ _ _ _ _ _ _ _ _ _ _ _ _ _ _ _ _ _ _ _ _ _ _ _ _ _ _ _ _ _ _
..\..\AppData\Roaming\Python\Python312\site-packages\selenium\webdriver\chrome\webdriver.py:81: in __init__
    super().__init__(
..\..\AppData\Roaming\Python\Python312\site-packages\selenium\webdriver\chromium\webdriver.py:106: in __init__
    super().__init__(
..\..\AppData\Roaming\Python\Python312\site-packages\selenium\webdriver\remote\webdriver.py:288: in __init__
    self.start_session(capabilities, browser_profile)
..\..\AppData\Roaming\Python\Python312\site-packages\selenium\webdriver\remote\webdriver.py:381: in start_session
    response = self.execute(Command.NEW_SESSION, parameters)
..\..\AppData\Roaming\Python\Python312\site-packages\selenium\webdriver\remote\webdriver.py:444: in execute
    self.error_handler.check_response(response)
_ _ _ _ _ _ _ _ _ _ _ _ _ _ _ _ _ _ _ _ _ _ _ _ _ _ _ _ _ _ _ _ _ _ _ _ _ _ _ _

self = <selenium.webdriver.remote.errorhandler.ErrorHandler object at 0x00000161A86155B0>
response = {'status': 500, 'value': '{"value":{"error":"session not created","message":"session not created: This version of Chro...07FF6635DED49]\\n\\tBaseThreadInitThunk [0x00007FFD31557374+20]\\n\\tRtlUserThreadStart [0x00007FFD31E3CC91+33]\\n"}}'}

    def check_response(self, response: Dict[str, Any]) -> None:
        """
        Checks that a JSON response from the WebDriver does not have an error.
    
        :Args:
         - response - The JSON response from the WebDriver server as a dictionary
           object.
    
        :Raises: If the response contains an error message.
        """
        status = response.get("status", None)
        if not status or status == ErrorCode.SUCCESS:
            return
        value = None
        message = response.get("message", "")
        screen: str = response.get("screen", "")
        stacktrace = None
        if isinstance(status, int):
            value_json = response.get("value", None)
            if value_json and isinstance(value_json, str):
                import json
    
                try:
                    value = json.loads(value_json)
                    if len(value.keys()) == 1:
                        value = value["value"]
                    status = value.get("error", None)
                    if not status:
                        status = value.get("status", ErrorCode.UNKNOWN_ERROR)
                        message = value.get("value") or value.get("message")
                        if not isinstance(message, str):
                            value = message
                            message = message.get("message")
                    else:
                        message = value.get("message", None)
                except ValueError:
                    pass
    
        exception_class: Type[WebDriverException]
        if status in ErrorCode.NO_SUCH_ELEMENT:
            exception_class = NoSuchElementException
        elif status in ErrorCode.NO_SUCH_FRAME:
            exception_class = NoSuchFrameException
        elif status in ErrorCode.NO_SUCH_SHADOW_ROOT:
            exception_class = NoSuchShadowRootException
        elif status in ErrorCode.NO_SUCH_WINDOW:
            exception_class = NoSuchWindowException
        elif status in ErrorCode.STALE_ELEMENT_REFERENCE:
            exception_class = StaleElementReferenceException
        elif status in ErrorCode.ELEMENT_NOT_VISIBLE:
            exception_class = ElementNotVisibleException
        elif status in ErrorCode.INVALID_ELEMENT_STATE:
            exception_class = InvalidElementStateException
        elif (
            status in ErrorCode.INVALID_SELECTOR
            or status in ErrorCode.INVALID_XPATH_SELECTOR
            or status in ErrorCode.INVALID_XPATH_SELECTOR_RETURN_TYPER
        ):
            exception_class = InvalidSelectorException
        elif status in ErrorCode.ELEMENT_IS_NOT_SELECTABLE:
            exception_class = ElementNotSelectableException
        elif status in ErrorCode.ELEMENT_NOT_INTERACTABLE:
            exception_class = ElementNotInteractableException
        elif status in ErrorCode.INVALID_COOKIE_DOMAIN:
            exception_class = InvalidCookieDomainException
        elif status in ErrorCode.UNABLE_TO_SET_COOKIE:
            exception_class = UnableToSetCookieException
        elif status in ErrorCode.TIMEOUT:
            exception_class = TimeoutException
        elif status in ErrorCode.SCRIPT_TIMEOUT:
            exception_class = TimeoutException
        elif status in ErrorCode.UNKNOWN_ERROR:
            exception_class = WebDriverException
        elif status in ErrorCode.UNEXPECTED_ALERT_OPEN:
            exception_class = UnexpectedAlertPresentException
        elif status in ErrorCode.NO_ALERT_OPEN:
            exception_class = NoAlertPresentException
        elif status in ErrorCode.IME_NOT_AVAILABLE:
            exception_class = ImeNotAvailableException
        elif status in ErrorCode.IME_ENGINE_ACTIVATION_FAILED:
            exception_class = ImeActivationFailedException
        elif status in ErrorCode.MOVE_TARGET_OUT_OF_BOUNDS:
            exception_class = MoveTargetOutOfBoundsException
        elif status in ErrorCode.JAVASCRIPT_ERROR:
            exception_class = JavascriptException
        elif status in ErrorCode.SESSION_NOT_CREATED:
            exception_class = SessionNotCreatedException
        elif status in ErrorCode.INVALID_ARGUMENT:
            exception_class = InvalidArgumentException
        elif status in ErrorCode.NO_SUCH_COOKIE:
            exception_class = NoSuchCookieException
        elif status in ErrorCode.UNABLE_TO_CAPTURE_SCREEN:
            exception_class = ScreenshotException
        elif status in ErrorCode.ELEMENT_CLICK_INTERCEPTED:
            exception_class = ElementClickInterceptedException
        elif status in ErrorCode.INSECURE_CERTIFICATE:
            exception_class = InsecureCertificateException
        elif status in ErrorCode.INVALID_COORDINATES:
            exception_class = InvalidCoordinatesException
        elif status in ErrorCode.INVALID_SESSION_ID:
            exception_class = InvalidSessionIdException
        elif status in ErrorCode.UNKNOWN_METHOD:
            exception_class = UnknownMethodException
        else:
            exception_class = WebDriverException
        if not value:
            value = response["value"]
        if isinstance(value, str):
            raise exception_class(value)
        if message == "" and "message" in value:
            message = value["message"]
    
        screen = None  # type: ignore[assignment]
        if "screen" in value:
            screen = value["screen"]
    
        stacktrace = None
        st_value = value.get("stackTrace") or value.get("stacktrace")
        if st_value:
            if isinstance(st_value, str):
                stacktrace = st_value.split("\n")
            else:
                stacktrace = []
                try:
                    for frame in st_value:
                        line = frame.get("lineNumber", "")
                        file = frame.get("fileName", "<anonymous>")
                        if line:
                            file = f"{file}:{line}"
                        meth = frame.get("methodName", "<anonymous>")
                        if "className" in frame:
                            meth = "{}.{}".format(frame["className"], meth)
                        msg = "    at %s (%s)"
                        msg = msg % (meth, file)
                        stacktrace.append(msg)
                except TypeError:
                    pass
        if exception_class == UnexpectedAlertPresentException:
            alert_text = None
            if "data" in value:
                alert_text = value["data"].get("text")
            elif "alert" in value:
                alert_text = value["alert"].get("text")
            raise exception_class(message, screen, stacktrace, alert_text)  # type: ignore[call-arg]  # mypy is not smart enough here
>       raise exception_class(message, screen, stacktrace)
E       selenium.common.exceptions.SessionNotCreatedException: Message: session not created: This version of ChromeDriver only supports Chrome version 131
E       Current browser version is 135.0.7049.41 with binary path C:\Program Files\Google\Chrome\Application\chrome.exe
E       Stacktrace:
E       	GetHandleVerifier [0x00007FF66367FB05+28789]
E       	(No symbol) [0x00007FF6635E86E0]
E       	(No symbol) [0x00007FF66348592A]
E       	(No symbol) [0x00007FF6634C7682]
E       	(No symbol) [0x00007FF6634C66EB]
E       	(No symbol) [0x00007FF6634C0A07]
E       	(No symbol) [0x00007FF6634BBC59]
E       	(No symbol) [0x00007FF66350A77C]
E       	(No symbol) [0x00007FF663509D60]
E       	(No symbol) [0x00007FF6634FF1E3]
E       	(No symbol) [0x00007FF6634CA938]
E       	(No symbol) [0x00007FF6634CBAA1]
E       	GetHandleVerifier [0x00007FF6639B933D+3410093]
E       	GetHandleVerifier [0x00007FF6639CE7DD+3497293]
E       	GetHandleVerifier [0x00007FF6639C2A73+3448803]
E       	GetHandleVerifier [0x00007FF663747BBB+848171]
E       	(No symbol) [0x00007FF6635F3C3F]
E       	(No symbol) [0x00007FF6635EF6E4]
E       	(No symbol) [0x00007FF6635EF87D]
E       	(No symbol) [0x00007FF6635DED49]
E       	BaseThreadInitThunk [0x00007FFD31557374+20]
E       	RtlUserThreadStart [0x00007FFD31E3CC91+33]

..\..\AppData\Roaming\Python\Python312\site-packages\selenium\webdriver\remote\errorhandler.py:249: SessionNotCreatedException
_____________________ ERROR at setup of test_capture_home _____________________

    @pytest.fixture(scope="function")
    def browser():
        from selenium import webdriver
        from selenium.webdriver.chrome.options import Options
    
        options = Options()
        options.add_argument("--headless")
        options.add_argument("--disable-gpu")
        options.add_argument("--no-sandbox")
        options.add_argument("--window-size=1280,1024")
        options.add_argument("--disable-dev-shm-usage")
    
>       driver = webdriver.Chrome(options=options)

tests\conftest.py:76: 
_ _ _ _ _ _ _ _ _ _ _ _ _ _ _ _ _ _ _ _ _ _ _ _ _ _ _ _ _ _ _ _ _ _ _ _ _ _ _ _
..\..\AppData\Roaming\Python\Python312\site-packages\selenium\webdriver\chrome\webdriver.py:81: in __init__
    super().__init__(
..\..\AppData\Roaming\Python\Python312\site-packages\selenium\webdriver\chromium\webdriver.py:106: in __init__
    super().__init__(
..\..\AppData\Roaming\Python\Python312\site-packages\selenium\webdriver\remote\webdriver.py:288: in __init__
    self.start_session(capabilities, browser_profile)
..\..\AppData\Roaming\Python\Python312\site-packages\selenium\webdriver\remote\webdriver.py:381: in start_session
    response = self.execute(Command.NEW_SESSION, parameters)
..\..\AppData\Roaming\Python\Python312\site-packages\selenium\webdriver\remote\webdriver.py:444: in execute
    self.error_handler.check_response(response)
_ _ _ _ _ _ _ _ _ _ _ _ _ _ _ _ _ _ _ _ _ _ _ _ _ _ _ _ _ _ _ _ _ _ _ _ _ _ _ _

self = <selenium.webdriver.remote.errorhandler.ErrorHandler object at 0x00000161A86163F0>
response = {'status': 500, 'value': '{"value":{"error":"session not created","message":"session not created: This version of Chro...07FF6635DED49]\\n\\tBaseThreadInitThunk [0x00007FFD31557374+20]\\n\\tRtlUserThreadStart [0x00007FFD31E3CC91+33]\\n"}}'}

    def check_response(self, response: Dict[str, Any]) -> None:
        """
        Checks that a JSON response from the WebDriver does not have an error.
    
        :Args:
         - response - The JSON response from the WebDriver server as a dictionary
           object.
    
        :Raises: If the response contains an error message.
        """
        status = response.get("status", None)
        if not status or status == ErrorCode.SUCCESS:
            return
        value = None
        message = response.get("message", "")
        screen: str = response.get("screen", "")
        stacktrace = None
        if isinstance(status, int):
            value_json = response.get("value", None)
            if value_json and isinstance(value_json, str):
                import json
    
                try:
                    value = json.loads(value_json)
                    if len(value.keys()) == 1:
                        value = value["value"]
                    status = value.get("error", None)
                    if not status:
                        status = value.get("status", ErrorCode.UNKNOWN_ERROR)
                        message = value.get("value") or value.get("message")
                        if not isinstance(message, str):
                            value = message
                            message = message.get("message")
                    else:
                        message = value.get("message", None)
                except ValueError:
                    pass
    
        exception_class: Type[WebDriverException]
        if status in ErrorCode.NO_SUCH_ELEMENT:
            exception_class = NoSuchElementException
        elif status in ErrorCode.NO_SUCH_FRAME:
            exception_class = NoSuchFrameException
        elif status in ErrorCode.NO_SUCH_SHADOW_ROOT:
            exception_class = NoSuchShadowRootException
        elif status in ErrorCode.NO_SUCH_WINDOW:
            exception_class = NoSuchWindowException
        elif status in ErrorCode.STALE_ELEMENT_REFERENCE:
            exception_class = StaleElementReferenceException
        elif status in ErrorCode.ELEMENT_NOT_VISIBLE:
            exception_class = ElementNotVisibleException
        elif status in ErrorCode.INVALID_ELEMENT_STATE:
            exception_class = InvalidElementStateException
        elif (
            status in ErrorCode.INVALID_SELECTOR
            or status in ErrorCode.INVALID_XPATH_SELECTOR
            or status in ErrorCode.INVALID_XPATH_SELECTOR_RETURN_TYPER
        ):
            exception_class = InvalidSelectorException
        elif status in ErrorCode.ELEMENT_IS_NOT_SELECTABLE:
            exception_class = ElementNotSelectableException
        elif status in ErrorCode.ELEMENT_NOT_INTERACTABLE:
            exception_class = ElementNotInteractableException
        elif status in ErrorCode.INVALID_COOKIE_DOMAIN:
            exception_class = InvalidCookieDomainException
        elif status in ErrorCode.UNABLE_TO_SET_COOKIE:
            exception_class = UnableToSetCookieException
        elif status in ErrorCode.TIMEOUT:
            exception_class = TimeoutException
        elif status in ErrorCode.SCRIPT_TIMEOUT:
            exception_class = TimeoutException
        elif status in ErrorCode.UNKNOWN_ERROR:
            exception_class = WebDriverException
        elif status in ErrorCode.UNEXPECTED_ALERT_OPEN:
            exception_class = UnexpectedAlertPresentException
        elif status in ErrorCode.NO_ALERT_OPEN:
            exception_class = NoAlertPresentException
        elif status in ErrorCode.IME_NOT_AVAILABLE:
            exception_class = ImeNotAvailableException
        elif status in ErrorCode.IME_ENGINE_ACTIVATION_FAILED:
            exception_class = ImeActivationFailedException
        elif status in ErrorCode.MOVE_TARGET_OUT_OF_BOUNDS:
            exception_class = MoveTargetOutOfBoundsException
        elif status in ErrorCode.JAVASCRIPT_ERROR:
            exception_class = JavascriptException
        elif status in ErrorCode.SESSION_NOT_CREATED:
            exception_class = SessionNotCreatedException
        elif status in ErrorCode.INVALID_ARGUMENT:
            exception_class = InvalidArgumentException
        elif status in ErrorCode.NO_SUCH_COOKIE:
            exception_class = NoSuchCookieException
        elif status in ErrorCode.UNABLE_TO_CAPTURE_SCREEN:
            exception_class = ScreenshotException
        elif status in ErrorCode.ELEMENT_CLICK_INTERCEPTED:
            exception_class = ElementClickInterceptedException
        elif status in ErrorCode.INSECURE_CERTIFICATE:
            exception_class = InsecureCertificateException
        elif status in ErrorCode.INVALID_COORDINATES:
            exception_class = InvalidCoordinatesException
        elif status in ErrorCode.INVALID_SESSION_ID:
            exception_class = InvalidSessionIdException
        elif status in ErrorCode.UNKNOWN_METHOD:
            exception_class = UnknownMethodException
        else:
            exception_class = WebDriverException
        if not value:
            value = response["value"]
        if isinstance(value, str):
            raise exception_class(value)
        if message == "" and "message" in value:
            message = value["message"]
    
        screen = None  # type: ignore[assignment]
        if "screen" in value:
            screen = value["screen"]
    
        stacktrace = None
        st_value = value.get("stackTrace") or value.get("stacktrace")
        if st_value:
            if isinstance(st_value, str):
                stacktrace = st_value.split("\n")
            else:
                stacktrace = []
                try:
                    for frame in st_value:
                        line = frame.get("lineNumber", "")
                        file = frame.get("fileName", "<anonymous>")
                        if line:
                            file = f"{file}:{line}"
                        meth = frame.get("methodName", "<anonymous>")
                        if "className" in frame:
                            meth = "{}.{}".format(frame["className"], meth)
                        msg = "    at %s (%s)"
                        msg = msg % (meth, file)
                        stacktrace.append(msg)
                except TypeError:
                    pass
        if exception_class == UnexpectedAlertPresentException:
            alert_text = None
            if "data" in value:
                alert_text = value["data"].get("text")
            elif "alert" in value:
                alert_text = value["alert"].get("text")
            raise exception_class(message, screen, stacktrace, alert_text)  # type: ignore[call-arg]  # mypy is not smart enough here
>       raise exception_class(message, screen, stacktrace)
E       selenium.common.exceptions.SessionNotCreatedException: Message: session not created: This version of ChromeDriver only supports Chrome version 131
E       Current browser version is 135.0.7049.41 with binary path C:\Program Files\Google\Chrome\Application\chrome.exe
E       Stacktrace:
E       	GetHandleVerifier [0x00007FF66367FB05+28789]
E       	(No symbol) [0x00007FF6635E86E0]
E       	(No symbol) [0x00007FF66348592A]
E       	(No symbol) [0x00007FF6634C7682]
E       	(No symbol) [0x00007FF6634C66EB]
E       	(No symbol) [0x00007FF6634C0A07]
E       	(No symbol) [0x00007FF6634BBC59]
E       	(No symbol) [0x00007FF66350A77C]
E       	(No symbol) [0x00007FF663509D60]
E       	(No symbol) [0x00007FF6634FF1E3]
E       	(No symbol) [0x00007FF6634CA938]
E       	(No symbol) [0x00007FF6634CBAA1]
E       	GetHandleVerifier [0x00007FF6639B933D+3410093]
E       	GetHandleVerifier [0x00007FF6639CE7DD+3497293]
E       	GetHandleVerifier [0x00007FF6639C2A73+3448803]
E       	GetHandleVerifier [0x00007FF663747BBB+848171]
E       	(No symbol) [0x00007FF6635F3C3F]
E       	(No symbol) [0x00007FF6635EF6E4]
E       	(No symbol) [0x00007FF6635EF87D]
E       	(No symbol) [0x00007FF6635DED49]
E       	BaseThreadInitThunk [0x00007FFD31557374+20]
E       	RtlUserThreadStart [0x00007FFD31E3CC91+33]

..\..\AppData\Roaming\Python\Python312\site-packages\selenium\webdriver\remote\errorhandler.py:249: SessionNotCreatedException
__________________ ERROR at setup of test_edit_user_profile ___________________

    @pytest.fixture(scope="function")
    def browser():
        from selenium import webdriver
        from selenium.webdriver.chrome.options import Options
    
        options = Options()
        options.add_argument("--headless")
        options.add_argument("--disable-gpu")
        options.add_argument("--no-sandbox")
        options.add_argument("--window-size=1280,1024")
        options.add_argument("--disable-dev-shm-usage")
    
>       driver = webdriver.Chrome(options=options)

tests\conftest.py:76: 
_ _ _ _ _ _ _ _ _ _ _ _ _ _ _ _ _ _ _ _ _ _ _ _ _ _ _ _ _ _ _ _ _ _ _ _ _ _ _ _
..\..\AppData\Roaming\Python\Python312\site-packages\selenium\webdriver\chrome\webdriver.py:81: in __init__
    super().__init__(
..\..\AppData\Roaming\Python\Python312\site-packages\selenium\webdriver\chromium\webdriver.py:106: in __init__
    super().__init__(
..\..\AppData\Roaming\Python\Python312\site-packages\selenium\webdriver\remote\webdriver.py:288: in __init__
    self.start_session(capabilities, browser_profile)
..\..\AppData\Roaming\Python\Python312\site-packages\selenium\webdriver\remote\webdriver.py:381: in start_session
    response = self.execute(Command.NEW_SESSION, parameters)
..\..\AppData\Roaming\Python\Python312\site-packages\selenium\webdriver\remote\webdriver.py:444: in execute
    self.error_handler.check_response(response)
_ _ _ _ _ _ _ _ _ _ _ _ _ _ _ _ _ _ _ _ _ _ _ _ _ _ _ _ _ _ _ _ _ _ _ _ _ _ _ _

self = <selenium.webdriver.remote.errorhandler.ErrorHandler object at 0x00000161A8616570>
response = {'status': 500, 'value': '{"value":{"error":"session not created","message":"session not created: This version of Chro...07FF6635DED49]\\n\\tBaseThreadInitThunk [0x00007FFD31557374+20]\\n\\tRtlUserThreadStart [0x00007FFD31E3CC91+33]\\n"}}'}

    def check_response(self, response: Dict[str, Any]) -> None:
        """
        Checks that a JSON response from the WebDriver does not have an error.
    
        :Args:
         - response - The JSON response from the WebDriver server as a dictionary
           object.
    
        :Raises: If the response contains an error message.
        """
        status = response.get("status", None)
        if not status or status == ErrorCode.SUCCESS:
            return
        value = None
        message = response.get("message", "")
        screen: str = response.get("screen", "")
        stacktrace = None
        if isinstance(status, int):
            value_json = response.get("value", None)
            if value_json and isinstance(value_json, str):
                import json
    
                try:
                    value = json.loads(value_json)
                    if len(value.keys()) == 1:
                        value = value["value"]
                    status = value.get("error", None)
                    if not status:
                        status = value.get("status", ErrorCode.UNKNOWN_ERROR)
                        message = value.get("value") or value.get("message")
                        if not isinstance(message, str):
                            value = message
                            message = message.get("message")
                    else:
                        message = value.get("message", None)
                except ValueError:
                    pass
    
        exception_class: Type[WebDriverException]
        if status in ErrorCode.NO_SUCH_ELEMENT:
            exception_class = NoSuchElementException
        elif status in ErrorCode.NO_SUCH_FRAME:
            exception_class = NoSuchFrameException
        elif status in ErrorCode.NO_SUCH_SHADOW_ROOT:
            exception_class = NoSuchShadowRootException
        elif status in ErrorCode.NO_SUCH_WINDOW:
            exception_class = NoSuchWindowException
        elif status in ErrorCode.STALE_ELEMENT_REFERENCE:
            exception_class = StaleElementReferenceException
        elif status in ErrorCode.ELEMENT_NOT_VISIBLE:
            exception_class = ElementNotVisibleException
        elif status in ErrorCode.INVALID_ELEMENT_STATE:
            exception_class = InvalidElementStateException
        elif (
            status in ErrorCode.INVALID_SELECTOR
            or status in ErrorCode.INVALID_XPATH_SELECTOR
            or status in ErrorCode.INVALID_XPATH_SELECTOR_RETURN_TYPER
        ):
            exception_class = InvalidSelectorException
        elif status in ErrorCode.ELEMENT_IS_NOT_SELECTABLE:
            exception_class = ElementNotSelectableException
        elif status in ErrorCode.ELEMENT_NOT_INTERACTABLE:
            exception_class = ElementNotInteractableException
        elif status in ErrorCode.INVALID_COOKIE_DOMAIN:
            exception_class = InvalidCookieDomainException
        elif status in ErrorCode.UNABLE_TO_SET_COOKIE:
            exception_class = UnableToSetCookieException
        elif status in ErrorCode.TIMEOUT:
            exception_class = TimeoutException
        elif status in ErrorCode.SCRIPT_TIMEOUT:
            exception_class = TimeoutException
        elif status in ErrorCode.UNKNOWN_ERROR:
            exception_class = WebDriverException
        elif status in ErrorCode.UNEXPECTED_ALERT_OPEN:
            exception_class = UnexpectedAlertPresentException
        elif status in ErrorCode.NO_ALERT_OPEN:
            exception_class = NoAlertPresentException
        elif status in ErrorCode.IME_NOT_AVAILABLE:
            exception_class = ImeNotAvailableException
        elif status in ErrorCode.IME_ENGINE_ACTIVATION_FAILED:
            exception_class = ImeActivationFailedException
        elif status in ErrorCode.MOVE_TARGET_OUT_OF_BOUNDS:
            exception_class = MoveTargetOutOfBoundsException
        elif status in ErrorCode.JAVASCRIPT_ERROR:
            exception_class = JavascriptException
        elif status in ErrorCode.SESSION_NOT_CREATED:
            exception_class = SessionNotCreatedException
        elif status in ErrorCode.INVALID_ARGUMENT:
            exception_class = InvalidArgumentException
        elif status in ErrorCode.NO_SUCH_COOKIE:
            exception_class = NoSuchCookieException
        elif status in ErrorCode.UNABLE_TO_CAPTURE_SCREEN:
            exception_class = ScreenshotException
        elif status in ErrorCode.ELEMENT_CLICK_INTERCEPTED:
            exception_class = ElementClickInterceptedException
        elif status in ErrorCode.INSECURE_CERTIFICATE:
            exception_class = InsecureCertificateException
        elif status in ErrorCode.INVALID_COORDINATES:
            exception_class = InvalidCoordinatesException
        elif status in ErrorCode.INVALID_SESSION_ID:
            exception_class = InvalidSessionIdException
        elif status in ErrorCode.UNKNOWN_METHOD:
            exception_class = UnknownMethodException
        else:
            exception_class = WebDriverException
        if not value:
            value = response["value"]
        if isinstance(value, str):
            raise exception_class(value)
        if message == "" and "message" in value:
            message = value["message"]
    
        screen = None  # type: ignore[assignment]
        if "screen" in value:
            screen = value["screen"]
    
        stacktrace = None
        st_value = value.get("stackTrace") or value.get("stacktrace")
        if st_value:
            if isinstance(st_value, str):
                stacktrace = st_value.split("\n")
            else:
                stacktrace = []
                try:
                    for frame in st_value:
                        line = frame.get("lineNumber", "")
                        file = frame.get("fileName", "<anonymous>")
                        if line:
                            file = f"{file}:{line}"
                        meth = frame.get("methodName", "<anonymous>")
                        if "className" in frame:
                            meth = "{}.{}".format(frame["className"], meth)
                        msg = "    at %s (%s)"
                        msg = msg % (meth, file)
                        stacktrace.append(msg)
                except TypeError:
                    pass
        if exception_class == UnexpectedAlertPresentException:
            alert_text = None
            if "data" in value:
                alert_text = value["data"].get("text")
            elif "alert" in value:
                alert_text = value["alert"].get("text")
            raise exception_class(message, screen, stacktrace, alert_text)  # type: ignore[call-arg]  # mypy is not smart enough here
>       raise exception_class(message, screen, stacktrace)
E       selenium.common.exceptions.SessionNotCreatedException: Message: session not created: This version of ChromeDriver only supports Chrome version 131
E       Current browser version is 135.0.7049.41 with binary path C:\Program Files\Google\Chrome\Application\chrome.exe
E       Stacktrace:
E       	GetHandleVerifier [0x00007FF66367FB05+28789]
E       	(No symbol) [0x00007FF6635E86E0]
E       	(No symbol) [0x00007FF66348592A]
E       	(No symbol) [0x00007FF6634C7682]
E       	(No symbol) [0x00007FF6634C66EB]
E       	(No symbol) [0x00007FF6634C0A07]
E       	(No symbol) [0x00007FF6634BBC59]
E       	(No symbol) [0x00007FF66350A77C]
E       	(No symbol) [0x00007FF663509D60]
E       	(No symbol) [0x00007FF6634FF1E3]
E       	(No symbol) [0x00007FF6634CA938]
E       	(No symbol) [0x00007FF6634CBAA1]
E       	GetHandleVerifier [0x00007FF6639B933D+3410093]
E       	GetHandleVerifier [0x00007FF6639CE7DD+3497293]
E       	GetHandleVerifier [0x00007FF6639C2A73+3448803]
E       	GetHandleVerifier [0x00007FF663747BBB+848171]
E       	(No symbol) [0x00007FF6635F3C3F]
E       	(No symbol) [0x00007FF6635EF6E4]
E       	(No symbol) [0x00007FF6635EF87D]
E       	(No symbol) [0x00007FF6635DED49]
E       	BaseThreadInitThunk [0x00007FFD31557374+20]
E       	RtlUserThreadStart [0x00007FFD31E3CC91+33]

..\..\AppData\Roaming\Python\Python312\site-packages\selenium\webdriver\remote\errorhandler.py:249: SessionNotCreatedException
================================== FAILURES ===================================
_________________________ test_create_user[payload0] __________________________

self = <urllib3.connection.HTTPSConnection object at 0x00000161A835FBC0>

    def _new_conn(self):
        """Establish a socket connection and set nodelay settings on it.
    
        :return: New socket connection.
        """
        extra_kw = {}
        if self.source_address:
            extra_kw["source_address"] = self.source_address
    
        if self.socket_options:
            extra_kw["socket_options"] = self.socket_options
    
        try:
>           conn = connection.create_connection(
                (self._dns_host, self.port), self.timeout, **extra_kw
            )

..\..\AppData\Roaming\Python\Python312\site-packages\urllib3\connection.py:174: 
_ _ _ _ _ _ _ _ _ _ _ _ _ _ _ _ _ _ _ _ _ _ _ _ _ _ _ _ _ _ _ _ _ _ _ _ _ _ _ _
..\..\AppData\Roaming\Python\Python312\site-packages\urllib3\util\connection.py:72: in create_connection
    for res in socket.getaddrinfo(host, port, family, socket.SOCK_STREAM):
_ _ _ _ _ _ _ _ _ _ _ _ _ _ _ _ _ _ _ _ _ _ _ _ _ _ _ _ _ _ _ _ _ _ _ _ _ _ _ _

host = 'jsonplaceholder.typicode.com', port = 443
family = <AddressFamily.AF_UNSPEC: 0>, type = <SocketKind.SOCK_STREAM: 1>
proto = 0, flags = 0

    def getaddrinfo(host, port, family=0, type=0, proto=0, flags=0):
        """Resolve host and port into list of address info entries.
    
        Translate the host/port argument into a sequence of 5-tuples that contain
        all the necessary arguments for creating a socket connected to that service.
        host is a domain name, a string representation of an IPv4/v6 address or
        None. port is a string service name such as 'http', a numeric port number or
        None. By passing None as the value of host and port, you can pass NULL to
        the underlying C API.
    
        The family, type and proto arguments can be optionally specified in order to
        narrow the list of addresses returned. Passing zero as a value for each of
        these arguments selects the full range of results.
        """
        # We override this function since we want to translate the numeric family
        # and socket type values to enum constants.
        addrlist = []
>       for res in _socket.getaddrinfo(host, port, family, type, proto, flags):
E       socket.gaierror: [Errno 11001] getaddrinfo failed

C:\Python312\Lib\socket.py:976: gaierror

During handling of the above exception, another exception occurred:

self = <urllib3.connectionpool.HTTPSConnectionPool object at 0x00000161A857BE00>
method = 'POST', url = '/users'
body = b'{"name": "Ana Testadora", "email": "ana.testadora@example.com"}'
headers = {'User-Agent': 'python-requests/2.32.3', 'Accept-Encoding': 'gzip, deflate', 'Accept': '*/*', 'Connection': 'keep-alive', 'Content-Length': '63', 'Content-Type': 'application/json'}
retries = Retry(total=0, connect=None, read=False, redirect=None, status=None)
redirect = False, assert_same_host = False
timeout = Timeout(connect=None, read=None, total=None), pool_timeout = None
release_conn = False, chunked = False, body_pos = None
response_kw = {'decode_content': False, 'preload_content': False}
parsed_url = Url(scheme=None, auth=None, host=None, port=None, path='/users', query=None, fragment=None)
destination_scheme = None, conn = None, release_this_conn = True
http_tunnel_required = False, err = None, clean_exit = False

    def urlopen(
        self,
        method,
        url,
        body=None,
        headers=None,
        retries=None,
        redirect=True,
        assert_same_host=True,
        timeout=_Default,
        pool_timeout=None,
        release_conn=None,
        chunked=False,
        body_pos=None,
        **response_kw
    ):
        """
        Get a connection from the pool and perform an HTTP request. This is the
        lowest level call for making a request, so you'll need to specify all
        the raw details.
    
        .. note::
    
           More commonly, it's appropriate to use a convenience method provided
           by :class:`.RequestMethods`, such as :meth:`request`.
    
        .. note::
    
           `release_conn` will only behave as expected if
           `preload_content=False` because we want to make
           `preload_content=False` the default behaviour someday soon without
           breaking backwards compatibility.
    
        :param method:
            HTTP request method (such as GET, POST, PUT, etc.)
    
        :param url:
            The URL to perform the request on.
    
        :param body:
            Data to send in the request body, either :class:`str`, :class:`bytes`,
            an iterable of :class:`str`/:class:`bytes`, or a file-like object.
    
        :param headers:
            Dictionary of custom headers to send, such as User-Agent,
            If-None-Match, etc. If None, pool headers are used. If provided,
            these headers completely replace any pool-specific headers.
    
        :param retries:
            Configure the number of retries to allow before raising a
            :class:`~urllib3.exceptions.MaxRetryError` exception.
    
            Pass ``None`` to retry until you receive a response. Pass a
            :class:`~urllib3.util.retry.Retry` object for fine-grained control
            over different types of retries.
            Pass an integer number to retry connection errors that many times,
            but no other types of errors. Pass zero to never retry.
    
            If ``False``, then retries are disabled and any exception is raised
            immediately. Also, instead of raising a MaxRetryError on redirects,
            the redirect response will be returned.
    
        :type retries: :class:`~urllib3.util.retry.Retry`, False, or an int.
    
        :param redirect:
            If True, automatically handle redirects (status codes 301, 302,
            303, 307, 308). Each redirect counts as a retry. Disabling retries
            will disable redirect, too.
    
        :param assert_same_host:
            If ``True``, will make sure that the host of the pool requests is
            consistent else will raise HostChangedError. When ``False``, you can
            use the pool on an HTTP proxy and request foreign hosts.
    
        :param timeout:
            If specified, overrides the default timeout for this one
            request. It may be a float (in seconds) or an instance of
            :class:`urllib3.util.Timeout`.
    
        :param pool_timeout:
            If set and the pool is set to block=True, then this method will
            block for ``pool_timeout`` seconds and raise EmptyPoolError if no
            connection is available within the time period.
    
        :param release_conn:
            If False, then the urlopen call will not release the connection
            back into the pool once a response is received (but will release if
            you read the entire contents of the response such as when
            `preload_content=True`). This is useful if you're not preloading
            the response's content immediately. You will need to call
            ``r.release_conn()`` on the response ``r`` to return the connection
            back into the pool. If None, it takes the value of
            ``response_kw.get('preload_content', True)``.
    
        :param chunked:
            If True, urllib3 will send the body using chunked transfer
            encoding. Otherwise, urllib3 will send the body using the standard
            content-length form. Defaults to False.
    
        :param int body_pos:
            Position to seek to in file-like body in the event of a retry or
            redirect. Typically this won't need to be set because urllib3 will
            auto-populate the value when needed.
    
        :param \\**response_kw:
            Additional parameters are passed to
            :meth:`urllib3.response.HTTPResponse.from_httplib`
        """
    
        parsed_url = parse_url(url)
        destination_scheme = parsed_url.scheme
    
        if headers is None:
            headers = self.headers
    
        if not isinstance(retries, Retry):
            retries = Retry.from_int(retries, redirect=redirect, default=self.retries)
    
        if release_conn is None:
            release_conn = response_kw.get("preload_content", True)
    
        # Check host
        if assert_same_host and not self.is_same_host(url):
            raise HostChangedError(self, url, retries)
    
        # Ensure that the URL we're connecting to is properly encoded
        if url.startswith("/"):
            url = six.ensure_str(_encode_target(url))
        else:
            url = six.ensure_str(parsed_url.url)
    
        conn = None
    
        # Track whether `conn` needs to be released before
        # returning/raising/recursing. Update this variable if necessary, and
        # leave `release_conn` constant throughout the function. That way, if
        # the function recurses, the original value of `release_conn` will be
        # passed down into the recursive call, and its value will be respected.
        #
        # See issue #651 [1] for details.
        #
        # [1] <https://github.com/urllib3/urllib3/issues/651>
        release_this_conn = release_conn
    
        http_tunnel_required = connection_requires_http_tunnel(
            self.proxy, self.proxy_config, destination_scheme
        )
    
        # Merge the proxy headers. Only done when not using HTTP CONNECT. We
        # have to copy the headers dict so we can safely change it without those
        # changes being reflected in anyone else's copy.
        if not http_tunnel_required:
            headers = headers.copy()
            headers.update(self.proxy_headers)
    
        # Must keep the exception bound to a separate variable or else Python 3
        # complains about UnboundLocalError.
        err = None
    
        # Keep track of whether we cleanly exited the except block. This
        # ensures we do proper cleanup in finally.
        clean_exit = False
    
        # Rewind body position, if needed. Record current position
        # for future rewinds in the event of a redirect/retry.
        body_pos = set_file_position(body, body_pos)
    
        try:
            # Request a connection from the queue.
            timeout_obj = self._get_timeout(timeout)
            conn = self._get_conn(timeout=pool_timeout)
    
            conn.timeout = timeout_obj.connect_timeout
    
            is_new_proxy_conn = self.proxy is not None and not getattr(
                conn, "sock", None
            )
            if is_new_proxy_conn and http_tunnel_required:
                self._prepare_proxy(conn)
    
            # Make the request on the httplib connection object.
>           httplib_response = self._make_request(
                conn,
                method,
                url,
                timeout=timeout_obj,
                body=body,
                headers=headers,
                chunked=chunked,
            )

..\..\AppData\Roaming\Python\Python312\site-packages\urllib3\connectionpool.py:716: 
_ _ _ _ _ _ _ _ _ _ _ _ _ _ _ _ _ _ _ _ _ _ _ _ _ _ _ _ _ _ _ _ _ _ _ _ _ _ _ _
..\..\AppData\Roaming\Python\Python312\site-packages\urllib3\connectionpool.py:404: in _make_request
    self._validate_conn(conn)
..\..\AppData\Roaming\Python\Python312\site-packages\urllib3\connectionpool.py:1061: in _validate_conn
    conn.connect()
..\..\AppData\Roaming\Python\Python312\site-packages\urllib3\connection.py:363: in connect
    self.sock = conn = self._new_conn()
_ _ _ _ _ _ _ _ _ _ _ _ _ _ _ _ _ _ _ _ _ _ _ _ _ _ _ _ _ _ _ _ _ _ _ _ _ _ _ _

self = <urllib3.connection.HTTPSConnection object at 0x00000161A835FBC0>

    def _new_conn(self):
        """Establish a socket connection and set nodelay settings on it.
    
        :return: New socket connection.
        """
        extra_kw = {}
        if self.source_address:
            extra_kw["source_address"] = self.source_address
    
        if self.socket_options:
            extra_kw["socket_options"] = self.socket_options
    
        try:
            conn = connection.create_connection(
                (self._dns_host, self.port), self.timeout, **extra_kw
            )
    
        except SocketTimeout:
            raise ConnectTimeoutError(
                self,
                "Connection to %s timed out. (connect timeout=%s)"
                % (self.host, self.timeout),
            )
    
        except SocketError as e:
>           raise NewConnectionError(
                self, "Failed to establish a new connection: %s" % e
            )
E           urllib3.exceptions.NewConnectionError: <urllib3.connection.HTTPSConnection object at 0x00000161A835FBC0>: Failed to establish a new connection: [Errno 11001] getaddrinfo failed

..\..\AppData\Roaming\Python\Python312\site-packages\urllib3\connection.py:186: NewConnectionError

During handling of the above exception, another exception occurred:

self = <requests.adapters.HTTPAdapter object at 0x00000161A835FC20>
request = <PreparedRequest [POST]>, stream = False
timeout = Timeout(connect=None, read=None, total=None), verify = True
cert = None, proxies = OrderedDict()

    def send(
        self, request, stream=False, timeout=None, verify=True, cert=None, proxies=None
    ):
        """Sends PreparedRequest object. Returns Response object.
    
        :param request: The :class:`PreparedRequest <PreparedRequest>` being sent.
        :param stream: (optional) Whether to stream the request content.
        :param timeout: (optional) How long to wait for the server to send
            data before giving up, as a float, or a :ref:`(connect timeout,
            read timeout) <timeouts>` tuple.
        :type timeout: float or tuple or urllib3 Timeout object
        :param verify: (optional) Either a boolean, in which case it controls whether
            we verify the server's TLS certificate, or a string, in which case it
            must be a path to a CA bundle to use
        :param cert: (optional) Any user-provided SSL certificate to be trusted.
        :param proxies: (optional) The proxies dictionary to apply to the request.
        :rtype: requests.Response
        """
    
        try:
            conn = self.get_connection_with_tls_context(
                request, verify, proxies=proxies, cert=cert
            )
        except LocationValueError as e:
            raise InvalidURL(e, request=request)
    
        self.cert_verify(conn, request.url, verify, cert)
        url = self.request_url(request, proxies)
        self.add_headers(
            request,
            stream=stream,
            timeout=timeout,
            verify=verify,
            cert=cert,
            proxies=proxies,
        )
    
        chunked = not (request.body is None or "Content-Length" in request.headers)
    
        if isinstance(timeout, tuple):
            try:
                connect, read = timeout
                timeout = TimeoutSauce(connect=connect, read=read)
            except ValueError:
                raise ValueError(
                    f"Invalid timeout {timeout}. Pass a (connect, read) timeout tuple, "
                    f"or a single float to set both timeouts to the same value."
                )
        elif isinstance(timeout, TimeoutSauce):
            pass
        else:
            timeout = TimeoutSauce(connect=timeout, read=timeout)
    
        try:
>           resp = conn.urlopen(
                method=request.method,
                url=url,
                body=request.body,
                headers=request.headers,
                redirect=False,
                assert_same_host=False,
                preload_content=False,
                decode_content=False,
                retries=self.max_retries,
                timeout=timeout,
                chunked=chunked,
            )

..\..\AppData\Roaming\Python\Python312\site-packages\requests\adapters.py:667: 
_ _ _ _ _ _ _ _ _ _ _ _ _ _ _ _ _ _ _ _ _ _ _ _ _ _ _ _ _ _ _ _ _ _ _ _ _ _ _ _
..\..\AppData\Roaming\Python\Python312\site-packages\urllib3\connectionpool.py:802: in urlopen
    retries = retries.increment(
_ _ _ _ _ _ _ _ _ _ _ _ _ _ _ _ _ _ _ _ _ _ _ _ _ _ _ _ _ _ _ _ _ _ _ _ _ _ _ _

self = Retry(total=0, connect=None, read=False, redirect=None, status=None)
method = 'POST', url = '/users', response = None
error = NewConnectionError('<urllib3.connection.HTTPSConnection object at 0x00000161A835FBC0>: Failed to establish a new connection: [Errno 11001] getaddrinfo failed')
_pool = <urllib3.connectionpool.HTTPSConnectionPool object at 0x00000161A857BE00>
_stacktrace = <traceback object at 0x00000161A8625740>

    def increment(
        self,
        method=None,
        url=None,
        response=None,
        error=None,
        _pool=None,
        _stacktrace=None,
    ):
        """Return a new Retry object with incremented retry counters.
    
        :param response: A response object, or None, if the server did not
            return a response.
        :type response: :class:`~urllib3.response.HTTPResponse`
        :param Exception error: An error encountered during the request, or
            None if the response was received successfully.
    
        :return: A new ``Retry`` object.
        """
        if self.total is False and error:
            # Disabled, indicate to re-raise the error.
            raise six.reraise(type(error), error, _stacktrace)
    
        total = self.total
        if total is not None:
            total -= 1
    
        connect = self.connect
        read = self.read
        redirect = self.redirect
        status_count = self.status
        other = self.other
        cause = "unknown"
        status = None
        redirect_location = None
    
        if error and self._is_connection_error(error):
            # Connect retry?
            if connect is False:
                raise six.reraise(type(error), error, _stacktrace)
            elif connect is not None:
                connect -= 1
    
        elif error and self._is_read_error(error):
            # Read retry?
            if read is False or not self._is_method_retryable(method):
                raise six.reraise(type(error), error, _stacktrace)
            elif read is not None:
                read -= 1
    
        elif error:
            # Other retry?
            if other is not None:
                other -= 1
    
        elif response and response.get_redirect_location():
            # Redirect retry?
            if redirect is not None:
                redirect -= 1
            cause = "too many redirects"
            redirect_location = response.get_redirect_location()
            status = response.status
    
        else:
            # Incrementing because of a server error like a 500 in
            # status_forcelist and the given method is in the allowed_methods
            cause = ResponseError.GENERIC_ERROR
            if response and response.status:
                if status_count is not None:
                    status_count -= 1
                cause = ResponseError.SPECIFIC_ERROR.format(status_code=response.status)
                status = response.status
    
        history = self.history + (
            RequestHistory(method, url, error, status, redirect_location),
        )
    
        new_retry = self.new(
            total=total,
            connect=connect,
            read=read,
            redirect=redirect,
            status=status_count,
            other=other,
            history=history,
        )
    
        if new_retry.is_exhausted():
>           raise MaxRetryError(_pool, url, error or ResponseError(cause))
E           urllib3.exceptions.MaxRetryError: HTTPSConnectionPool(host='jsonplaceholder.typicode.com', port=443): Max retries exceeded with url: /users (Caused by NewConnectionError('<urllib3.connection.HTTPSConnection object at 0x00000161A835FBC0>: Failed to establish a new connection: [Errno 11001] getaddrinfo failed'))

..\..\AppData\Roaming\Python\Python312\site-packages\urllib3\util\retry.py:594: MaxRetryError

During handling of the above exception, another exception occurred:

api_client = <function api_client.<locals>._log_request at 0x00000161A8528A40>
base_url = 'https://jsonplaceholder.typicode.com'
payload = {'email': 'ana.testadora@example.com', 'name': 'Ana Testadora'}

    @allure.feature("API - Usurio")
    @allure.story("POST /users")
    @allure.severity(allure.severity_level.CRITICAL)
    @allure.tag("api", "create", "regression")
    @pytest.mark.api
    @pytest.mark.create
    @pytest.mark.parametrize("payload", [
        {
            "name": "Ana Testadora",
            "email": "ana.testadora@example.com"
        },
        {
            "name": "Bruno QA",
            "email": "bruno.qa@example.com"
        }
    ])
    def test_create_user(api_client, base_url, payload):
        """
        Testa o endpoint de criao de usurio (POST /users)
        """
    
        url = f"{base_url}/users"
    
        with allure.step(f"\U0001f4e4 Enviando POST para {url} com payload: {payload}"):
>           response = api_client("post", url, json=payload)

tests\api\test_create_user.py:28: 
_ _ _ _ _ _ _ _ _ _ _ _ _ _ _ _ _ _ _ _ _ _ _ _ _ _ _ _ _ _ _ _ _ _ _ _ _ _ _ _
tests\conftest.py:47: in _log_request
    response = session.request(method, url, **kwargs)
..\..\AppData\Roaming\Python\Python312\site-packages\requests\sessions.py:589: in request
    resp = self.send(prep, **send_kwargs)
..\..\AppData\Roaming\Python\Python312\site-packages\requests\sessions.py:703: in send
    r = adapter.send(request, **kwargs)
_ _ _ _ _ _ _ _ _ _ _ _ _ _ _ _ _ _ _ _ _ _ _ _ _ _ _ _ _ _ _ _ _ _ _ _ _ _ _ _

self = <requests.adapters.HTTPAdapter object at 0x00000161A835FC20>
request = <PreparedRequest [POST]>, stream = False
timeout = Timeout(connect=None, read=None, total=None), verify = True
cert = None, proxies = OrderedDict()

    def send(
        self, request, stream=False, timeout=None, verify=True, cert=None, proxies=None
    ):
        """Sends PreparedRequest object. Returns Response object.
    
        :param request: The :class:`PreparedRequest <PreparedRequest>` being sent.
        :param stream: (optional) Whether to stream the request content.
        :param timeout: (optional) How long to wait for the server to send
            data before giving up, as a float, or a :ref:`(connect timeout,
            read timeout) <timeouts>` tuple.
        :type timeout: float or tuple or urllib3 Timeout object
        :param verify: (optional) Either a boolean, in which case it controls whether
            we verify the server's TLS certificate, or a string, in which case it
            must be a path to a CA bundle to use
        :param cert: (optional) Any user-provided SSL certificate to be trusted.
        :param proxies: (optional) The proxies dictionary to apply to the request.
        :rtype: requests.Response
        """
    
        try:
            conn = self.get_connection_with_tls_context(
                request, verify, proxies=proxies, cert=cert
            )
        except LocationValueError as e:
            raise InvalidURL(e, request=request)
    
        self.cert_verify(conn, request.url, verify, cert)
        url = self.request_url(request, proxies)
        self.add_headers(
            request,
            stream=stream,
            timeout=timeout,
            verify=verify,
            cert=cert,
            proxies=proxies,
        )
    
        chunked = not (request.body is None or "Content-Length" in request.headers)
    
        if isinstance(timeout, tuple):
            try:
                connect, read = timeout
                timeout = TimeoutSauce(connect=connect, read=read)
            except ValueError:
                raise ValueError(
                    f"Invalid timeout {timeout}. Pass a (connect, read) timeout tuple, "
                    f"or a single float to set both timeouts to the same value."
                )
        elif isinstance(timeout, TimeoutSauce):
            pass
        else:
            timeout = TimeoutSauce(connect=timeout, read=timeout)
    
        try:
            resp = conn.urlopen(
                method=request.method,
                url=url,
                body=request.body,
                headers=request.headers,
                redirect=False,
                assert_same_host=False,
                preload_content=False,
                decode_content=False,
                retries=self.max_retries,
                timeout=timeout,
                chunked=chunked,
            )
    
        except (ProtocolError, OSError) as err:
            raise ConnectionError(err, request=request)
    
        except MaxRetryError as e:
            if isinstance(e.reason, ConnectTimeoutError):
                # TODO: Remove this in 3.0.0: see #2811
                if not isinstance(e.reason, NewConnectionError):
                    raise ConnectTimeout(e, request=request)
    
            if isinstance(e.reason, ResponseError):
                raise RetryError(e, request=request)
    
            if isinstance(e.reason, _ProxyError):
                raise ProxyError(e, request=request)
    
            if isinstance(e.reason, _SSLError):
                # This branch is for urllib3 v1.22 and later.
                raise SSLError(e, request=request)
    
>           raise ConnectionError(e, request=request)
E           requests.exceptions.ConnectionError: HTTPSConnectionPool(host='jsonplaceholder.typicode.com', port=443): Max retries exceeded with url: /users (Caused by NewConnectionError('<urllib3.connection.HTTPSConnection object at 0x00000161A835FBC0>: Failed to establish a new connection: [Errno 11001] getaddrinfo failed'))

..\..\AppData\Roaming\Python\Python312\site-packages\requests\adapters.py:700: ConnectionError
=============================== tests coverage ================================
_______________ coverage: platform win32, python 3.12.6-final-0 _______________

Coverage XML written to file coverage.xml
=========================== short test summary info ===========================
FAILED tests/api/test_create_user.py::test_create_user[payload0] - requests.e...
ERROR tests/ui/test_alert_messages.py::test_alert_display - selenium.common.e...
ERROR tests/ui/test_login.py::test_login_success - selenium.common.exceptions...
ERROR tests/ui/test_signup_ui.py::test_signup_user - selenium.common.exceptio...
ERROR tests/ui/test_ui_visuals.py::test_capture_home - selenium.common.except...
ERROR tests/ui/test_user_profile_ui.py::test_edit_user_profile - selenium.com...
=================== 1 failed, 7 passed, 5 errors in 53.07s ====================
